This file contains any messages produced by compilers while
running configure, to aid debugging if configure makes a mistake.

configure:527: checking how to run the C preprocessor
configure:548: cc -E  conftest.c >/dev/null 2>conftest.out
configure:610: checking for stdio.h
configure:620: cc -E  conftest.c >/dev/null 2>conftest.out
configure:650: checking for memcmp
configure:678: cc -o conftest    conftest.c  1>&5
configure:662:6: warning: conflicting types for built-in function 'memcmp' [enabled by default]
configure:650: checking for memcpy
configure:678: cc -o conftest    conftest.c  1>&5
configure:662:6: warning: conflicting types for built-in function 'memcpy' [enabled by default]
configure:650: checking for strcmp
configure:678: cc -o conftest    conftest.c  1>&5
configure:662:6: warning: conflicting types for built-in function 'strcmp' [enabled by default]
configure:650: checking for strcpy
configure:678: cc -o conftest    conftest.c  1>&5
configure:662:6: warning: conflicting types for built-in function 'strcpy' [enabled by default]
configure:704: checking for dlopen in -ldl
configure:723: cc -o conftest    conftest.c -ldl   1>&5
configure:747: checking whether byte ordering is bigendian
configure:765: cc -c   conftest.c 1>&5
configure:780: cc -c   conftest.c 1>&5
configure: In function 'main':
configure:775:2: error: unknown type name 'not'
configure:775:10: error: expected '=', ',', ';', 'asm' or '__attribute__' before 'endian'
configure: failed program was:
#line 769 "configure"
#include "confdefs.h"
#include <sys/types.h>
#include <sys/param.h>
int main() {

#if BYTE_ORDER != BIG_ENDIAN
 not big endian
#endif
; return 0; }
configure:837: checking for inline
configure:851: cc -c   conftest.c 1>&5
configure:877: checking size of int
configure:896: cc -o conftest    conftest.c  1>&5
configure: In function 'main':
configure:890:11: warning: incompatible implicit declaration of built-in function 'exit' [enabled by default]
configure:916: checking size of char
configure:935: cc -o conftest    conftest.c  1>&5
configure: In function 'main':
configure:929:11: warning: incompatible implicit declaration of built-in function 'exit' [enabled by default]
